<?xml version="1.0" encoding="utf-8"?><testsuites name="pytest tests"><testsuite name="pytest" errors="0" failures="0" skipped="0" tests="19" time="5.963" timestamp="2026-09-07T01:01:21.926946+00:00" hostname="agent-env-996083ac-b997-4f65-9b8b-e27fb894d3bf"><testcase classname="tests.test_customers" name="test_list_default_tenant_a" time="0.763" /><testcase classname="tests.test_customers" name="test_list_filter_active" time="0.142" /><testcase classname="tests.test_customers" name="test_list_filter_inactive" time="0.133" /><testcase classname="tests.test_customers" name="test_list_sort_name_desc" time="0.145" /><testcase classname="tests.test_customers" name="test_list_search_empty" time="0.138" /><testcase classname="tests.test_customers" name="test_create_customer_and_get" time="0.454" /><testcase classname="tests.test_customers" name="test_create_validation_empty_name" time="0.134" /><testcase classname="tests.test_customers" name="test_create_validation_bad_email" time="0.127" /><testcase classname="tests.test_customers" name="test_create_validation_bad_phone" time="0.191" /><testcase classname="tests.test_customers" name="test_update_customer" time="0.254" /><testcase classname="tests.test_customers" name="test_deactivate" time="0.383" /><testcase classname="tests.test_customers" name="test_viewer_can_list" time="0.489" /><testcase classname="tests.test_customers" name="test_viewer_cannot_create" time="0.115" /><testcase classname="tests.test_customers" name="test_viewer_cannot_patch" time="0.234" /><testcase classname="tests.test_customers" name="test_viewer_cannot_deactivate" time="0.270" /><testcase classname="tests.test_customers" name="test_tenant_b_isolated" time="0.645" /><testcase classname="tests.test_customers" name="test_cross_tenant_returns_404" time="0.512" /><testcase classname="tests.test_customers" name="test_tenant_b_independent_counter" time="0.153" /><testcase classname="tests.test_customers" name="test_audit_log_has_customer_events" time="0.123" /></testsuite></testsuites>