<?xml version="1.0" encoding="utf-8"?><testsuites name="pytest tests"><testsuite name="pytest" errors="0" failures="1" skipped="0" tests="15" time="7.131" timestamp="2026-09-07T02:10:16.720527+00:00" hostname="agent-env-996083ac-b997-4f65-9b8b-e27fb894d3bf"><testcase classname="tests.test_invoice_items" name="test_create_invoice_calculation_and_number_format" time="0.912" /><testcase classname="tests.test_invoice_items" name="test_create_invoice_with_item_discount" time="0.155" /><testcase classname="tests.test_invoice_items" name="test_create_invoice_discount_exceeds_subtotal_400" time="0.139" /><testcase classname="tests.test_invoice_items" name="test_create_invoice_qty_zero_422" time="0.115" /><testcase classname="tests.test_invoice_items" name="test_create_invoice_no_items_422" time="0.125"><failure message="assert 201 == 422&#10; +  where 201 = &lt;Response [201]&gt;.status_code">backend/tests/test_invoice_items.py:122: in test_create_invoice_no_items_422
    assert r.status_code == 422
E   assert 201 == 422
E    +  where 201 = &lt;Response [201]&gt;.status_code</failure></testcase><testcase classname="tests.test_invoice_items" name="test_create_invoice_due_before_invoice_400" time="0.141" /><testcase classname="tests.test_invoice_items" name="test_draft_flow_excluded_from_receivable_and_publish" time="0.709" /><testcase classname="tests.test_invoice_items" name="test_update_after_payment_locks_items" time="0.510" /><testcase classname="tests.test_invoice_items" name="test_cancel_staff_forbidden_admin_ok" time="1.270" /><testcase classname="tests.test_invoice_items" name="test_viewer_cannot_create_invoice" time="0.557" /><testcase classname="tests.test_invoice_items" name="test_tenant_b_cross_tenant_404" time="0.808" /><testcase classname="tests.test_invoice_items" name="test_period_month_filter" time="0.133" /><testcase classname="tests.test_invoice_items" name="test_custom_range_filter" time="0.155" /><testcase classname="tests.test_invoice_items" name="test_customers_list_active_only_for_picker" time="0.141" /><testcase classname="tests.test_invoice_items" name="test_summary_excludes_draft_cancelled" time="0.603" /></testsuite></testsuites>