<?xml version="1.0" encoding="utf-8"?><testsuites name="pytest tests"><testsuite name="pytest" errors="0" failures="0" skipped="0" tests="19" time="6.555" timestamp="2026-09-07T01:28:46.243743+00:00" hostname="agent-env-996083ac-b997-4f65-9b8b-e27fb894d3bf"><testcase classname="tests.test_invoices" name="test_list_invoices_default" time="0.653" /><testcase classname="tests.test_invoices" name="test_list_filter_overdue" time="0.132" /><testcase classname="tests.test_invoices" name="test_list_filter_paid" time="0.112" /><testcase classname="tests.test_invoices" name="test_list_search_no_match" time="0.134" /><testcase classname="tests.test_invoices" name="test_list_sort_amount_desc" time="0.144" /><testcase classname="tests.test_invoices" name="test_create_invoice_valid" time="0.366" /><testcase classname="tests.test_invoices" name="test_create_invoice_due_before_invoice" time="0.127" /><testcase classname="tests.test_invoices" name="test_create_invoice_zero_total" time="0.133" /><testcase classname="tests.test_invoices" name="test_create_invoice_bad_customer" time="0.118" /><testcase classname="tests.test_invoices" name="test_payment_partial_then_full" time="1.011" /><testcase classname="tests.test_invoices" name="test_update_invoice_total_below_paid_blocked" time="0.442" /><testcase classname="tests.test_invoices" name="test_update_invoice_ok" time="0.261" /><testcase classname="tests.test_invoices" name="test_receivables_summary_shape" time="0.191" /><testcase classname="tests.test_invoices" name="test_viewer_can_list_invoices" time="0.557" /><testcase classname="tests.test_invoices" name="test_viewer_cannot_create_invoice" time="0.116" /><testcase classname="tests.test_invoices" name="test_viewer_cannot_pay" time="0.252" /><testcase classname="tests.test_invoices" name="test_tenant_b_isolated_invoices" time="0.610" /><testcase classname="tests.test_invoices" name="test_cross_tenant_invoice_404" time="0.532" /><testcase classname="tests.test_invoices" name="test_audit_invoice_events" time="0.144" /></testsuite></testsuites>