<?xml version="1.0" encoding="utf-8"?><testsuites name="pytest tests"><testsuite name="pytest" errors="0" failures="2" skipped="0" tests="13" time="4.658" timestamp="2026-09-07T00:20:18.891171+00:00" hostname="agent-env-996083ac-b997-4f65-9b8b-e27fb894d3bf"><testcase classname="tests.backend_test" name="test_root" time="0.230" /><testcase classname="tests.backend_test" name="test_login_wrong_password" time="0.349" /><testcase classname="tests.backend_test" name="test_me_without_token" time="0.162" /><testcase classname="tests.backend_test" name="test_me_with_token" time="0.515" /><testcase classname="tests.backend_test" name="test_session_info" time="0.228" /><testcase classname="tests.backend_test" name="test_users_admin_only_from_staff" time="0.515" /><testcase classname="tests.backend_test" name="test_users_list_as_admin" time="0.168" /><testcase classname="tests.backend_test" name="test_security_activity_admin" time="0.128" /><testcase classname="tests.backend_test" name="test_security_activity_staff_forbidden" time="0.165" /><testcase classname="tests.backend_test" name="test_create_update_user" time="0.370"><failure message="AssertionError: Internal Server Error&#10;assert 500 == 201&#10; +  where 500 = &lt;Response [500]&gt;.status_code">backend/tests/backend_test.py:111: in test_create_update_user
    assert r.status_code == 201, r.text
E   AssertionError: Internal Server Error
E   assert 500 == 201
E    +  where 500 = &lt;Response [500]&gt;.status_code</failure></testcase><testcase classname="tests.backend_test" name="test_admin_cannot_demote_self" time="0.253" /><testcase classname="tests.backend_test" name="test_lockout_fake_username" time="0.819"><failure message="AssertionError: Expected 429 lockout, got 401&#10;assert 401 == 429">backend/tests/backend_test.py:150: in test_lockout_fake_username
    assert last_status == 429, f"Expected 429 lockout, got {last_status}"
E   AssertionError: Expected 429 lockout, got 401
E   assert 401 == 429</failure></testcase><testcase classname="tests.backend_test" name="test_logout" time="0.168" /></testsuite></testsuites>